1511943945710	geckodriver	INFO	geckodriver 0.19.0
1511943945722	geckodriver	INFO	Listening on 127.0.0.1:60929
1511943947815	mozrunner::runner	INFO	Running command: "C:\\Program Files\\Mozilla Firefox\\firefox.exe" "-marionette" "-profile" "C:\\Users\\admin\\AppData\\Local\\Temp\\rust_mozprofile.rjeHkluOCGuh"
1511943948320	addons.xpi	WARN	Error parsing extensions state: [Exception... "Component returned failure code: 0x80520012 (NS_ERROR_FILE_NOT_FOUND) [amIAddonManagerStartup.readStartupData]"  nsresult: "0x80520012 (NS_ERROR_FILE_NOT_FOUND)"  location: "JS frame :: resource://gre/modules/addons/XPIProvider.jsm :: loadExtensionState :: line 1554"  data: no] Stack trace: loadExtensionState()@resource://gre/modules/addons/XPIProvider.jsm:1554 < getInstallState()@resource://gre/modules/addons/XPIProvider.jsm:1589 < checkForChanges()@resource://gre/modules/addons/XPIProvider.jsm:3109 < startup()@resource://gre/modules/addons/XPIProvider.jsm:2188 < callProvider()@resource://gre/modules/AddonManager.jsm:269 < _startProvider()@resource://gre/modules/AddonManager.jsm:739 < startup()@resource://gre/modules/AddonManager.jsm:906 < startup()@resource://gre/modules/AddonManager.jsm:3090 < observe()@jar:file:///C:/Program%20Files/Mozilla%20Firefox/omni.ja!/components/addonManager.js:65
1511943948732	Marionette	INFO	Enabled via --marionette
Unable to read VR Path Registry from C:\Users\admin\AppData\Local\openvr\openvrpaths.vrpath
[Child 5008] WARNING: pipe error: 109: file z:/build/build/src/ipc/chromium/src/chrome/common/ipc_channel_win.cc, line 346
[Child 5008] WARNING: pipe error: 109: file z:/build/build/src/ipc/chromium/src/chrome/common/ipc_channel_win.cc, line 346
1511943950191	Marionette	INFO	Listening on port 60936
1511943950943	Marionette	WARN	TLS certificate errors will be ignored for this session
1511943950973	Marionette	DEBUG	Register listener.js for window 6442450945
1511943951014	Marionette	DEBUG	Received DOM event "beforeunload" for "about:blank"
1511943951057	Marionette	DEBUG	Received DOM event "pagehide" for "about:blank"
1511943951057	Marionette	DEBUG	Received DOM event "unload" for "about:blank"
1511943952276	Marionette	DEBUG	Received DOM event "DOMContentLoaded" for "http://www.mayi.com/"
Unable to read VR Path Registry from C:\Users\admin\AppData\Local\openvr\openvrpaths.vrpath
JavaScript warning: http://static.mediav.com/mv.js, line 1: unreachable code after return statement
1511943963521	Marionette	DEBUG	Received DOM event "pageshow" for "http://www.mayi.com/"
1511943963849	Marionette	DEBUG	Canceled page load listener because no navigation has been detected
1511943964091	Marionette	DEBUG	Canceled page load listener because no navigation has been detected
1511943964398	Marionette	DEBUG	Canceled page load listener because no navigation has been detected
1511943972629	Marionette	DEBUG	Received DOM event "beforeunload" for "http://www.mayi.com/"
1511943972697	Marionette	DEBUG	Received DOM event "pagehide" for "http://www.mayi.com/"
1511943972702	Marionette	DEBUG	Received DOM event "unload" for "http://www.mayi.com/"
1511943973149	Marionette	DEBUG	Received observer notification "outer-window-destroyed" for "6442450959"
1511943973149	Marionette	DEBUG	Received observer notification "outer-window-destroyed" for "6442450956"
1511943973149	Marionette	DEBUG	Received observer notification "outer-window-destroyed" for "6442450961"
1511943973149	Marionette	DEBUG	Received observer notification "outer-window-destroyed" for "6442450949"
1511943973150	Marionette	DEBUG	Received observer notification "outer-window-destroyed" for "6442450951"
1511943973150	Marionette	DEBUG	Received observer notification "outer-window-destroyed" for "6442450953"
JavaScript warning: http://static.mediav.com/mv.js, line 1: unreachable code after return statement
1511943975059	Marionette	DEBUG	Received DOM event "DOMContentLoaded" for "http://www.mayi.com/"
1511943975812	Marionette	DEBUG	Received DOM event "pageshow" for "http://www.mayi.com/"
1511943980989	Marionette	DEBUG	Received DOM event "beforeunload" for "http://www.mayi.com/"
1511943981048	Marionette	DEBUG	Received DOM event "pagehide" for "http://www.mayi.com/"
1511943981055	Marionette	DEBUG	Received DOM event "unload" for "http://www.mayi.com/"
JavaScript warning: http://staticnew.mayi.com/resourcesWeb/js/jquery-1.9.1.min.js, line 1: Using //@ to indicate sourceMappingURL pragmas is deprecated. Use //# instead
1511943981575	Marionette	DEBUG	Received observer notification "outer-window-destroyed" for "6442450973"
1511943981575	Marionette	DEBUG	Received observer notification "outer-window-destroyed" for "6442450971"
1511943981575	Marionette	DEBUG	Received observer notification "outer-window-destroyed" for "6442450966"
1511943981575	Marionette	DEBUG	Received observer notification "outer-window-destroyed" for "6442450968"
JavaScript warning: http://static.mediav.com/mv.js, line 1: unreachable code after return statement
1511943983495	Marionette	DEBUG	Received DOM event "DOMContentLoaded" for "http://www.mayi.com/room/publish/basicinfo"
1511943983561	Marionette	DEBUG	Received DOM event "pageshow" for "http://www.mayi.com/room/publish/basicinfo"
1511943985830	Marionette	DEBUG	Canceled page load listener because no navigation has been detected
1511943988062	Marionette	DEBUG	Canceled page load listener because no navigation has been detected
1511943990332	Marionette	DEBUG	Canceled page load listener because no navigation has been detected
1511943992626	Marionette	DEBUG	Canceled page load listener because no navigation has been detected
1511943994878	Marionette	DEBUG	Canceled page load listener because no navigation has been detected
1511943995159	Marionette	DEBUG	Canceled page load listener because no navigation has been detected
1511943997390	Marionette	DEBUG	Canceled page load listener because no navigation has been detected
1511943997624	Marionette	DEBUG	Canceled page load listener because no navigation has been detected
1511943997853	Marionette	DEBUG	Canceled page load listener because no navigation has been detected
1511944000107	Marionette	DEBUG	Canceled page load listener because no navigation has been detected
1511944000348	Marionette	DEBUG	Canceled page load listener because no navigation has been detected
1511944000578	Marionette	DEBUG	Canceled page load listener because no navigation has been detected
1511944000805	Marionette	DEBUG	Canceled page load listener because no navigation has been detected
1511944001027	Marionette	DEBUG	Canceled page load listener because no navigation has been detected
1511944001260	Marionette	DEBUG	Canceled page load listener because no navigation has been detected
1511944001490	Marionette	DEBUG	Canceled page load listener because no navigation has been detected
1511944001729	Marionette	DEBUG	Canceled page load listener because no navigation has been detected
1511944002004	Marionette	DEBUG	Canceled page load listener because no navigation has been detected
1511944002249	Marionette	DEBUG	Canceled page load listener because no navigation has been detected
1511944002487	Marionette	DEBUG	Canceled page load listener because no navigation has been detected
1511944002710	Marionette	DEBUG	Canceled page load listener because no navigation has been detected
1511944002937	Marionette	DEBUG	Canceled page load listener because no navigation has been detected
1511944003159	Marionette	DEBUG	Canceled page load listener because no navigation has been detected
1511944003388	Marionette	DEBUG	Canceled page load listener because no navigation has been detected
1511944003614	Marionette	DEBUG	Canceled page load listener because no navigation has been detected
1511944003840	Marionette	DEBUG	Canceled page load listener because no navigation has been detected
1511944004081	Marionette	DEBUG	Canceled page load listener because no navigation has been detected
1511944006192	Marionette	DEBUG	Received DOM event "beforeunload" for "http://www.mayi.com/room/publish/basicinfo"
1511944006657	Marionette	DEBUG	Received DOM event "pagehide" for "http://www.mayi.com/room/publish/basicinfo"
1511944006662	Marionette	DEBUG	Received DOM event "unload" for "http://www.mayi.com/room/publish/basicinfo"
JavaScript warning: http://staticnew.mayi.com/resourcesWeb/js/jquery-1.9.1.min.js, line 1: Using //@ to indicate sourceMappingURL pragmas is deprecated. Use //# instead
1511944006902	Marionette	DEBUG	Received observer notification "outer-window-destroyed" for "6442450977"
1511944006903	Marionette	DEBUG	Received observer notification "outer-window-destroyed" for "6442450979"
JavaScript warning: http://static.mediav.com/mv.js, line 1: unreachable code after return statement
1511944007189	Marionette	DEBUG	Received DOM event "DOMContentLoaded" for "http://www.mayi.com/room/publish/detailinfo/851695036"
1511944007316	Marionette	DEBUG	Received DOM event "pageshow" for "http://www.mayi.com/room/publish/detailinfo/851695036"
1511944019878	Marionette	DEBUG	Received DOM event "beforeunload" for "http://www.mayi.com/room/publish/detailinfo/851695036"
1511944019967	Marionette	DEBUG	Received DOM event "pagehide" for "http://www.mayi.com/room/publish/detailinfo/851695036"
1511944019970	Marionette	DEBUG	Received DOM event "unload" for "http://www.mayi.com/room/publish/detailinfo/851695036"
JavaScript warning: http://staticnew.mayi.com/resourcesWeb/js/jquery-1.9.1.min.js, line 1: Using //@ to indicate sourceMappingURL pragmas is deprecated. Use //# instead
1511944020325	Marionette	DEBUG	Received observer notification "outer-window-destroyed" for "6442450983"
1511944020325	Marionette	DEBUG	Received observer notification "outer-window-destroyed" for "6442450985"
JavaScript warning: http://static.mediav.com/mv.js, line 1: unreachable code after return statement
1511944020590	Marionette	DEBUG	Received DOM event "DOMContentLoaded" for "http://www.mayi.com/room/publish/imageinfo/851695036"
1511944020720	Marionette	DEBUG	Received DOM event "pageshow" for "http://www.mayi.com/room/publish/imageinfo/851695036"
1511944020974	Marionette	DEBUG	Canceled page load listener because no navigation has been detected
1511944027591	Marionette	DEBUG	Canceled page load listener because no navigation has been detected
1511944033975	Marionette	DEBUG	Canceled page load listener because no navigation has been detected
1511944040351	Marionette	DEBUG	Canceled page load listener because no navigation has been detected
1511944046720	Marionette	DEBUG	Canceled page load listener because no navigation has been detected
1511944053051	Marionette	DEBUG	Canceled page load listener because no navigation has been detected
1511944059404	Marionette	DEBUG	Canceled page load listener because no navigation has been detected
1511944067816	Marionette	DEBUG	Canceled page load listener because no navigation has been detected
1511944073757	geckodriver	INFO	geckodriver 0.19.0
1511944073764	geckodriver	INFO	Listening on 127.0.0.1:61318
